Tue Feb 23 17:11:09 CST 2016 : Apache Derby Network Server - 10.11.1.2 - (1629631) started and ready to accept connections on port 1527
----------------------------------------------------------------
Tue Feb 23 17:11:09 CST 2016:
Booting Derby version The Apache Software Foundation - Apache Derby - 10.11.1.2 - (1629631): instance a816c00e-0153-1066-8a82-0000189ece3b 
on database directory H:\DerbyDBFiles\Profile with class loader sun.misc.Launcher$AppClassLoader@5e2de80c 
Loaded from file:/C:/Program%20Files/Java/jdk1.8.0_65/db/lib/derby.jar
java.vendor=Oracle Corporation
java.runtime.version=1.8.0_65-b17
user.dir=C:\Program Files\Java\jdk1.8.0_65\db
os.name=Windows 7
os.arch=amd64
os.version=6.1
derby.system.home=H:\DerbyDBFiles
Database Class Loader started - derby.database.classpath=''
----------------------------------------------------------------
Tue Feb 23 17:11:14 CST 2016:
Shutting down instance a816c00e-0153-1066-8a82-0000189ece3b on database directory H:\DerbyDBFiles\Profile with class loader sun.misc.Launcher$AppClassLoader@5e2de80c 
Tue Feb 23 17:11:15 CST 2016 Thread[DRDAConnThread_3,5,main] (DATABASE = Profile), (DRDAID = {2}), Database 'Profile' shutdown.
----------------------------------------------------------------
Tue Feb 23 17:12:38 CST 2016:
Booting Derby version The Apache Software Foundation - Apache Derby - 10.11.1.2 - (1629631): instance a65c80ac-0153-1066-8a82-0000189ece3b 
on database directory H:\DerbyDBFiles\Profile with class loader sun.misc.Launcher$AppClassLoader@5e2de80c 
Loaded from file:/C:/Program%20Files/Java/jdk1.8.0_65/db/lib/derby.jar
java.vendor=Oracle Corporation
java.runtime.version=1.8.0_65-b17
user.dir=C:\Program Files\Java\jdk1.8.0_65\db
os.name=Windows 7
os.arch=amd64
os.version=6.1
derby.system.home=H:\DerbyDBFiles
Database Class Loader started - derby.database.classpath=''
----------------------------------------------------------------
Tue Feb 23 17:44:44 CST 2016: Shutting down Derby engine
----------------------------------------------------------------
Tue Feb 23 17:44:44 CST 2016:
Shutting down instance a65c80ac-0153-1066-8a82-0000189ece3b on database directory H:\DerbyDBFiles\Profile with class loader sun.misc.Launcher$AppClassLoader@5e2de80c 
